<?xml version="1.0" encoding="UTF-8"?>
<testng-results ignored="0" total="1" passed="1" failed="0" skipped="0">
  <reporter-output>
  </reporter-output>
  <suite started-at="2024-02-09T16:45:30 IST" name="Default suite" finished-at="2024-02-09T16:45:42 IST" duration-ms="12483">
    <groups>
    </groups>
    <test started-at="2024-02-09T16:45:30 IST" name="Default test" finished-at="2024-02-09T16:45:42 IST" duration-ms="12483">
      <class name="Pages.LoginTest">
        <test-method is-config="true" signature="setUp()[pri:0, instance:Pages.LoginTest@6d4d66d2]" started-at="2024-02-09T16:45:30 IST" name="setUp" finished-at="2024-02-09T16:45:34 IST" duration-ms="4178" status="PASS">
          <reporter-output>
          </reporter-output>
        </test-method> <!-- setUp -->
        <test-method signature="testLoginSuccess()[pri:0, instance:Pages.LoginTest@6d4d66d2]" started-at="2024-02-09T16:45:34 IST" name="testLoginSuccess" finished-at="2024-02-09T16:45:41 IST" duration-ms="6936" status="PASS">
          <reporter-output>
          </reporter-output>
        </test-method> <!-- testLoginSuccess -->
        <test-method is-config="true" signature="tearDown()[pri:0, instance:Pages.LoginTest@6d4d66d2]" started-at="2024-02-09T16:45:41 IST" name="tearDown" finished-at="2024-02-09T16:45:42 IST" duration-ms="1223" status="PASS">
          <reporter-output>
          </reporter-output>
        </test-method> <!-- tearDown -->
      </class> <!-- Pages.LoginTest -->
    </test> <!-- Default test -->
  </suite> <!-- Default suite -->
</testng-results>
