<?xml version="1.0" encoding="UTF-8"?>
<testng-results ignored="0" total="2" passed="2" failed="0" skipped="0">
  <reporter-output>
  </reporter-output>
  <suite started-at="2024-02-11T20:33:00 IST" name="Default suite" finished-at="2024-02-11T20:33:19 IST" duration-ms="18994">
    <groups>
    </groups>
    <test started-at="2024-02-11T20:33:00 IST" name="Default test" finished-at="2024-02-11T20:33:19 IST" duration-ms="18994">
      <class name="Utilities.ITListener">
        <test-method is-config="true" signature="beforeClass()[pri:0, instance:Utilities.ITListener@54c5a2ff]" started-at="2024-02-11T20:33:00 IST" name="beforeClass" finished-at="2024-02-11T20:33:11 IST" duration-ms="10858" status="PASS">
          <reporter-output>
          </reporter-output>
        </test-method> <!-- beforeClass -->
        <test-method signature="testSearch1()[pri:0, instance:Utilities.ITListener@54c5a2ff]" started-at="2024-02-11T20:33:11 IST" name="testSearch1" description="Search for computers" finished-at="2024-02-11T20:33:14 IST" duration-ms="3312" status="PASS">
          <reporter-output>
          </reporter-output>
        </test-method> <!-- testSearch1 -->
        <test-method signature="testSearch2()[pri:0, instance:Utilities.ITListener@54c5a2ff]" started-at="2024-02-11T20:33:14 IST" name="testSearch2" description="Search for Electronics" finished-at="2024-02-11T20:33:18 IST" duration-ms="3440" status="PASS">
          <reporter-output>
          </reporter-output>
        </test-method> <!-- testSearch2 -->
        <test-method is-config="true" signature="tearDown()[pri:0, instance:Utilities.ITListener@54c5a2ff]" started-at="2024-02-11T20:33:18 IST" name="tearDown" finished-at="2024-02-11T20:33:19 IST" duration-ms="1269" status="PASS">
          <reporter-output>
          </reporter-output>
        </test-method> <!-- tearDown -->
      </class> <!-- Utilities.ITListener -->
    </test> <!-- Default test -->
  </suite> <!-- Default suite -->
</testng-results>
